0 info it worked if it ends with ok
1 verbose cli [ '/home/mlekena/.nvm/versions/node/v4.0.0/bin/node',
1 verbose cli   '/home/mlekena/.nvm/versions/node/v4.0.0/bin/npm',
1 verbose cli   'start' ]
2 info using npm@2.14.2
3 info using node@v4.0.0
4 verbose stack Error: missing script: start
4 verbose stack     at run (/home/mlekena/.nvm/versions/node/v4.0.0/lib/node_modules/npm/lib/run-script.js:142:19)
4 verbose stack     at /home/mlekena/.nvm/versions/node/v4.0.0/lib/node_modules/npm/lib/run-script.js:58:5
4 verbose stack     at /home/mlekena/.nvm/versions/node/v4.0.0/lib/node_modules/npm/node_modules/read-package-json/read-json.js:345:5
4 verbose stack     at checkBinReferences_ (/home/mlekena/.nvm/versions/node/v4.0.0/lib/node_modules/npm/node_modules/read-package-json/read-json.js:309:45)
4 verbose stack     at final (/home/mlekena/.nvm/versions/node/v4.0.0/lib/node_modules/npm/node_modules/read-package-json/read-json.js:343:3)
4 verbose stack     at then (/home/mlekena/.nvm/versions/node/v4.0.0/lib/node_modules/npm/node_modules/read-package-json/read-json.js:113:5)
4 verbose stack     at /home/mlekena/.nvm/versions/node/v4.0.0/lib/node_modules/npm/node_modules/read-package-json/read-json.js:300:12
4 verbose stack     at FSReqWrap.readFileAfterClose [as oncomplete] (evalmachine.<anonymous>:380:3)
5 verbose cwd /home/mlekena/Node_Projects/Split_It
6 error Linux 4.2.5-201.fc22.x86_64
7 error argv "/home/mlekena/.nvm/versions/node/v4.0.0/bin/node" "/home/mlekena/.nvm/versions/node/v4.0.0/bin/npm" "start"
8 error node v4.0.0
9 error npm  v2.14.2
10 error missing script: start
11 error If you need help, you may report this error at:
11 error     <https://github.com/npm/npm/issues>
12 verbose exit [ 1, true ]
